
ROM used: 5526 (17%)
          5526 (17%) including unused fragments

          1 Average locations per line
          7 Average locations per statement

RAM used: 144 (9%) at main() level
          201 (13%) worst case

Stack used: 5 worst case (out of 31 total available)

Lines Stmts  %   Files
----- ----- ---  -----
  193    92  12  main.c
  132    49   6  main.h
  359     0   0  C:\Program Files\PICC\devices\18F2580.h
  439   135  18  C:\Program Files\PICC\drivers\can-18xxx8.c
  369     0   0  C:\Program Files\PICC\drivers\can-18xxx8.h
   37     0   0  C:\Program Files\PICC\drivers\stdio.h
  409     0   0  C:\Program Files\PICC\drivers\string.h
   28     0   0  C:\Program Files\PICC\drivers\stddef.h
   28     0   0  C:\Program Files\PICC\drivers\ctype.h
 1493   380  50  C:\Program Files\PICC\drivers\stdlib.h
  176    74  10  packet.c
   92     0   0  packet.h
  110    35   5  IR_rx.h
----- -----
 3865   765 Total

Page ROM  %  RAM   Vol Diff  Functions:
---- --- --- ---   --- ----  ----------
0     38   0   1             @delay_ms1
0    200   2   2   733  4.3  can_init
0     48   0   0   255  2.3  can_set_baud
0     34   0   2    76  3.1  can_set_mode
0    304   3  14  1112  6.4  can_set_id
0    478   4  18   706  8.4  can_get_id
0    204   2  17  1026  7.9  can_putd
 Inline       14  1692  6.8  can_getd
0     30   0   5             @MUL1616
0    244   2  11             @MULFF
0     54   0   2             @ITOF
0    346   3  14             @DIVFF
0    504   5  16  2089  6.9  Incoming_Packet_Parser
0     68   1   7   225  6.0  Integrity_Check
0    162   1  10   689  9.9  fletcher16
0    200   2   9   705  7.0  decode_IR
0     42   0   1   125  3.8  EXT_isr
0     32   0   1   207  4.0  TIMER2_isr
0    234   2   1  1439  2.9  initialize
0     50   0   0             @const612
0    442   4  22   934  6.7  MAIN
0    294   3   0   105  3.8  canrx0_int
0    396   4   5   570  4.5  update_lights
0     38   0   0             @const620
0     64   1   5             @FTOSD
0    122   1  13             @DIV3232
0    392   4  13             @PRINTF_L32D_57600_31766_31767FPFPF
0    118   1  10             @FLT
0    140   1   4   573  3.3  change_lights
0     58   1   0   344  2.8  TIMER0_isr

Program metrics:
    Functions               19
    Statements              765
    Comments                1193
    Volume (V)              22205
    Difficilty (D)          99.9
    Effort to implement (E) 2217185
    Time to implement (T)   34 hours, 13 minutes
    Est Delivered Bugs (B)  6
    Cyclomatic Complexity   51
    Maintainability (MI)    59

 Segment     Used  Free
-----------  ----  ----
00000-00002     4  0  
00004-00006     0  4  
00008-000C0   186  0  
000C2-07FFE  5336  27238  



